[debug] [2025-05-13T16:44:33.858Z] ----------------------------------------------------------------------
[debug] [2025-05-13T16:44:33.860Z] Command:       /usr/local/share/nvm/versions/node/v20.19.0/bin/node /home/codespace/nvm/current/bin/firebase init
[debug] [2025-05-13T16:44:33.860Z] CLI Version:   14.3.1
[debug] [2025-05-13T16:44:33.860Z] Platform:      linux
[debug] [2025-05-13T16:44:33.860Z] Node Version:  v20.19.0
[debug] [2025-05-13T16:44:33.860Z] Time:          Tue May 13 2025 16:44:33 GMT+0000 (Coordinated Universal Time)
[debug] [2025-05-13T16:44:33.861Z] Env Overrides: GITHUB_API_URL, GITHUB_API_URL
[debug] [2025-05-13T16:44:33.861Z] ----------------------------------------------------------------------
[debug] 
[debug] [2025-05-13T16:44:33.864Z] > command requires scopes: ["email","openid","https://www.googleapis.com/auth/cloudplatformprojects.readonly","https://www.googleapis.com/auth/firebase","https://www.googleapis.com/auth/cloud-platform"]
[debug] [2025-05-13T16:44:33.865Z] > authorizing via signed-in user (aricksonlucio@gmail.com)
[info] 
     ######## #### ########  ######## ########     ###     ######  ########
     ##        ##  ##     ## ##       ##     ##  ##   ##  ##       ##
     ######    ##  ########  ######   ########  #########  ######  ######
     ##        ##  ##    ##  ##       ##     ## ##     ##       ## ##
     ##       #### ##     ## ######## ########  ##     ##  ######  ########

You're about to initialize a Firebase project in this directory:

  /workspaces/kwata

Before we get started, keep in mind:

  * You are currently outside your home directory

